<?xml version="1.0" encoding="UTF-8"?>
<TestRun id="56e91b91-db11-4b37-8c2c-ead90a49dda9" name="beuser@BEUSER-PC 2010-03-02 11:19:19" runUser="beuser-PC\beuser" xmlns="http://microsoft.com/schemas/VisualStudio/TeamTest/2006">
  <TestRunConfiguration name="Local Test Run" id="61bb3e6c-d965-4f07-9e9f-a894856af876">
    <Description>This is a default test run configuration for a local test run.</Description>
    <Deployment runDeploymentRoot="E:\MIS2010Group1 Everything\MIS2010Group1Project\TestResults\beuser_BEUSER-PC 2010-03-02 11_19_19">
      <DeploymentItem filename="E:\MIS2010Group1 Everything\MIS2010Group1Project\MIS2010Group1ClassLibrary\bin\Debug\MIS2010Group1ClassLibrary.dll" />
    </Deployment>
    <TestTypeSpecific />
  </TestRunConfiguration>
  <ResultSummary outcome="Completed">
    <Counters total="1" executed="1" passed="1" error="0" failed="0" timeout="0" aborted="0" inconclusive="0" passedButRunAborted="0" notRunnable="0" notExecuted="0" disconnected="0" warning="0" completed="0" inProgress="0" pending="0" />
  </ResultSummary>
  <Times creation="2010-03-02T11:19:19.2580000-05:00" queuing="2010-03-02T11:19:21.5500000-05:00" start="2010-03-02T11:19:21.8100000-05:00" finish="2010-03-02T11:19:24.0080000-05:00" />
  <TestDefinitions>
    <UnitTest name="AddAssignedDemeritTest" storage="e:\mis2010group1 everything\mis2010group1project\mis2010group1testproject\bin\debug\mis2010group1testproject.dll" id="5de30e64-9c83-a106-93ef-9020a92d4009">
      <Css projectStructure="" iteration="" />
      <Owners>
        <Owner name="" />
      </Owners>
      <Execution id="61d2dabe-c2d6-4d7c-bc6b-f0ddb5ba3573" />
      <TestMethod codeBase="E:\MIS2010Group1 Everything\MIS2010Group1Project\MIS2010Group1TestProject\bin\Debug\MIS2010Group1TestProject.dll" adapterTypeName="Microsoft.VisualStudio.TestTools.TestTypes.Unit.UnitTestAdapter, Microsoft.VisualStudio.QualityTools.Tips.UnitTest.Adapter, Version=9.0.0.0, Culture=neutral, PublicKeyToken=b03f5f7f11d50a3a" className="MIS2010Group1TestProject.DemeritsTest, MIS2010Group1TestProject" name="AddAssignedDemeritTest" />
    </UnitTest>
  </TestDefinitions>
  <TestLists>
    <TestList name="Results Not in a List" id="8c84fa94-04c1-424b-9868-57a2d4851a1d" />
    <TestList name="All Loaded Results" id="19431567-8539-422a-85d7-44ee4e166bda" />
  </TestLists>
  <TestEntries>
    <TestEntry testId="5de30e64-9c83-a106-93ef-9020a92d4009" executionId="61d2dabe-c2d6-4d7c-bc6b-f0ddb5ba3573" testListId="8c84fa94-04c1-424b-9868-57a2d4851a1d" />
  </TestEntries>
  <Results>
    <UnitTestResult executionId="61d2dabe-c2d6-4d7c-bc6b-f0ddb5ba3573" testId="5de30e64-9c83-a106-93ef-9020a92d4009" testName="AddAssignedDemeritTest" computerName="BEUSER-PC" duration="00:00:00.1275406" startTime="2010-03-02T11:19:22.0140000-05:00" endTime="2010-03-02T11:19:23.8720000-05:00" testType="13cdc9d9-ddb5-4fa4-a97d-d965ccfc6d4b" outcome="Passed" testListId="8c84fa94-04c1-424b-9868-57a2d4851a1d">
      <Output>
      </Output>
    </UnitTestResult>
  </Results>
</TestRun>